<?xml version="1.0" encoding="UTF-8"?>
<!-- Generated by org.testng.reporters.JUnitReportReporter -->
<testsuite hostname="DESKTOP-1UR5ED5" failures="0" tests="3" name="org.qa.testngbasics.ScriptTestNG" time="0.022" errors="0" timestamp="2024-05-29T10:11:17 IST" skipped="0">
  <testcase classname="org.qa.testngbasics.ScriptTestNG" name="test3" time="0.011"/>
  <system-out/>
  <testcase classname="org.qa.testngbasics.ScriptTestNG" name="test" time="0.006"/>
  <system-out/>
  <testcase classname="org.qa.testngbasics.ScriptTestNG" name="test2" time="0.005"/>
  <system-out/>
</testsuite> <!-- org.qa.testngbasics.ScriptTestNG -->
