<?xml version="1.0" encoding="UTF-8"?>
<!-- Generated by org.testng.reporters.JUnitReportReporter -->
<testsuite hostname="DESKTOP-1UR5ED5" failures="0" tests="20" name="org.qa.testngbasics.TestNgAttritbutes" time="0.065" errors="0" timestamp="2024-05-29T10:31:06 IST" skipped="0">
  <testcase classname="org.qa.testngbasics.TestNgAttritbutes" name="test" time="0.003"/>
  <system-out/>
  <testcase classname="org.qa.testngbasics.TestNgAttritbutes" name="test" time="0.002"/>
  <system-out/>
  <testcase classname="org.qa.testngbasics.TestNgAttritbutes" name="test" time="0.004"/>
  <system-out/>
  <testcase classname="org.qa.testngbasics.TestNgAttritbutes" name="test" time="0.003"/>
  <system-out/>
  <testcase classname="org.qa.testngbasics.TestNgAttritbutes" name="test" time="0.002"/>
  <system-out/>
  <testcase classname="org.qa.testngbasics.TestNgAttritbutes" name="test" time="0.005"/>
  <system-out/>
  <testcase classname="org.qa.testngbasics.TestNgAttritbutes" name="test" time="0.003"/>
  <system-out/>
  <testcase classname="org.qa.testngbasics.TestNgAttritbutes" name="test" time="0.001"/>
  <system-out/>
  <testcase classname="org.qa.testngbasics.TestNgAttritbutes" name="test" time="0.002"/>
  <system-out/>
  <testcase classname="org.qa.testngbasics.TestNgAttritbutes" name="test" time="0.003"/>
  <system-out/>
  <testcase classname="org.qa.testngbasics.TestNgAttritbutes" name="test" time="0.001"/>
  <system-out/>
  <testcase classname="org.qa.testngbasics.TestNgAttritbutes" name="test" time="0.008"/>
  <system-out/>
  <testcase classname="org.qa.testngbasics.TestNgAttritbutes" name="test" time="0.004"/>
  <system-out/>
  <testcase classname="org.qa.testngbasics.TestNgAttritbutes" name="test" time="0.002"/>
  <system-out/>
  <testcase classname="org.qa.testngbasics.TestNgAttritbutes" name="test" time="0.005"/>
  <system-out/>
  <testcase classname="org.qa.testngbasics.TestNgAttritbutes" name="test" time="0.003"/>
  <system-out/>
  <testcase classname="org.qa.testngbasics.TestNgAttritbutes" name="test" time="0.002"/>
  <system-out/>
  <testcase classname="org.qa.testngbasics.TestNgAttritbutes" name="test" time="0.007"/>
  <system-out/>
  <testcase classname="org.qa.testngbasics.TestNgAttritbutes" name="test" time="0.003"/>
  <system-out/>
  <testcase classname="org.qa.testngbasics.TestNgAttritbutes" name="test" time="0.002"/>
  <system-out/>
</testsuite> <!-- org.qa.testngbasics.TestNgAttritbutes -->
