<?xml version="1.0" encoding="UTF-8"?>
<!-- Generated by org.testng.reporters.JUnitReportReporter -->
<testsuite hostname="DESKTOP-1UR5ED5" failures="0" tests="1" name="org.qa.testngbasics.ParametersJa" time="5.401" errors="0" timestamp="2024-05-29T10:52:41 IST" skipped="0">
  <testcase classname="org.qa.testngbasics.ParametersJa" name="para" time="5.401"/>
  <system-out/>
</testsuite> <!-- org.qa.testngbasics.ParametersJa -->
